<?xml version="1.0" encoding="UTF-8"?>
<!-- Generated by org.testng.reporters.JUnitXMLReporter -->
<testsuite hostname="Mayank" name="Personal loan" tests="5" failures="0" timestamp="1 Jul 2018 13:20:59 GMT" time="0.474" errors="0">
  <testcase name="ploan" time="0.146" classname="MavenDemo1.Bank1"/>
  <testcase name="prerequiste" time="0.006" classname="MavenDemo1.Bank1"/>
  <testcase name="LoginAPIHomeLoan" time="0.062" classname="MavenDemo2.Bank2"/>
  <testcase name="MobileLoginHomeLoan" time="0.009" classname="MavenDemo2.Bank2"/>
  <testcase name="WebloginHomeLoan" time="0.013" classname="MavenDemo2.Bank2"/>
</testsuite> <!-- Personal loan -->
