<?xml version="1.0" encoding="UTF-8" ?>
<testsuite tests="2" failures="1" name="Banking.AppTest" time="0.072" errors="0" skipped="0">
  <properties>
[...]
</properties>
  <testcase classname="Banking.AppTest" name="Demo" time="0.072">
    <failure type="java.lang.AssertionError:">java.lang.AssertionError: 
	at org.testng.AssertJUnit.fail(AssertJUnit.java:59)
	at org.testng.AssertJUnit.assertTrue(AssertJUnit.java:24)
	at org.testng.AssertJUnit.assertTrue(AssertJUnit.java:33)
	at Banking.AppTest.Demo(AppTest.java:22)
</failure>
    <system-out>Configuring TestNG with: org.apache.maven.surefire.testng.conf.TestNG652Configurator@5e91993f
hello
</system-out>
  </testcase>
  <testcase classname="Banking.AppTest" name="SecondTest" time="0"/>
</testsuite>