<?xml version="1.0" encoding="UTF-8"?>
<testng-results skipped="0" failed="0" total="5" passed="5">
  <reporter-output>
  </reporter-output>
  <suite name="Loan Department" duration-ms="474" started-at="2018-07-01T13:20:54Z" finished-at="2018-07-01T13:20:54Z">
    <groups>
    </groups>
    <test name="Personal loan" duration-ms="474" started-at="2018-07-01T13:20:54Z" finished-at="2018-07-01T13:20:54Z">
      <class name="MavenDemo2.Bank2">
        <test-method status="PASS" signature="LoginAPIHomeLoan()[pri:0, instance:MavenDemo2.Bank2@28feb3fa]" name="LoginAPIHomeLoan" duration-ms="62" started-at="2018-07-01T18:50:54Z" finished-at="2018-07-01T18:50:54Z">
          <reporter-output>
          </reporter-output>
        </test-method> <!-- LoginAPIHomeLoan -->
        <test-method status="PASS" signature="MobileLoginHomeLoan()[pri:0, instance:MavenDemo2.Bank2@28feb3fa]" name="MobileLoginHomeLoan" duration-ms="9" started-at="2018-07-01T18:50:54Z" finished-at="2018-07-01T18:50:54Z">
          <reporter-output>
          </reporter-output>
        </test-method> <!-- MobileLoginHomeLoan -->
        <test-method status="PASS" signature="WebloginHomeLoan()[pri:0, instance:MavenDemo2.Bank2@28feb3fa]" name="WebloginHomeLoan" duration-ms="13" started-at="2018-07-01T18:50:54Z" finished-at="2018-07-01T18:50:54Z">
          <reporter-output>
          </reporter-output>
        </test-method> <!-- WebloginHomeLoan -->
      </class> <!-- MavenDemo2.Bank2 -->
      <class name="MavenDemo1.Bank1">
        <test-method status="PASS" signature="ploan()[pri:0, instance:MavenDemo1.Bank1@396a51ab]" name="ploan" duration-ms="146" started-at="2018-07-01T18:50:54Z" finished-at="2018-07-01T18:50:54Z">
          <reporter-output>
          </reporter-output>
        </test-method> <!-- ploan -->
        <test-method status="PASS" signature="prerequiste()[pri:0, instance:MavenDemo1.Bank1@396a51ab]" name="prerequiste" duration-ms="6" started-at="2018-07-01T18:50:54Z" finished-at="2018-07-01T18:50:54Z">
          <reporter-output>
          </reporter-output>
        </test-method> <!-- prerequiste -->
      </class> <!-- MavenDemo1.Bank1 -->
    </test> <!-- Personal loan -->
  </suite> <!-- Loan Department -->
</testng-results>
